Array
(
    [user_id] => 1
    [employee_no] => 00001
    [last_name] => 太郎
    [last_name_kana] => ﾀﾛｳ
    [last_name_alphabetical] => tarou
    [first_name] => 検証
    [first_name_kana] => ｹﾝｼｮｳ
    [first_name_alphabetical] => kensyou
    [birthday] => 2024-07-01 00:00:00
    [password] => test
    [previous_password_1] => 
    [previous_password_2] => 
    [password_update_at] => 
    [user_role] => test
    [is_deleted] => 
    [register_at] => 2024-07-05 15:38:44
    [register_user] => 1
    [update_at] => 2024-07-05 15:39:19
    [update_user] => 1
)

Array
(
    [user_id] => 1
    [employee_no] => 00001
    [last_name] => 太郎
    [last_name_kana] => ﾀﾛｳ
    [last_name_alphabetical] => tarou
    [first_name] => 検証
    [first_name_kana] => ｹﾝｼｮｳ
    [first_name_alphabetical] => kensyou
    [birthday] => 2024-07-01 00:00:00
    [password] => test
    [previous_password_1] => 
    [previous_password_2] => 
    [password_update_at] => 
    [user_role] => test
    [is_deleted] => 
    [register_at] => 2024-07-05 15:38:44
    [register_user] => 1
    [update_at] => 2024-07-05 15:39:19
    [update_user] => 1
)

Array
(
    [user_id] => 1
    [employee_no] => 00001
    [last_name] => 太郎
    [last_name_kana] => ﾀﾛｳ
    [last_name_alphabetical] => tarou
    [first_name] => 検証
    [first_name_kana] => ｹﾝｼｮｳ
    [first_name_alphabetical] => kensyou
    [birthday] => 2024-07-01 00:00:00
    [password] => test
    [previous_password_1] => 
    [previous_password_2] => 
    [password_update_at] => 
    [user_role] => test
    [is_deleted] => 
    [register_at] => 2024-07-05 15:38:44
    [register_user] => 1
    [update_at] => 2024-07-05 15:39:19
    [update_user] => 1
)

Array
(
    [user_id] => 1
    [employee_no] => 00001
    [last_name] => 太郎
    [last_name_kana] => ﾀﾛｳ
    [last_name_alphabetical] => tarou
    [first_name] => 検証
    [first_name_kana] => ｹﾝｼｮｳ
    [first_name_alphabetical] => kensyou
    [birthday] => 2024-07-01 00:00:00
    [password] => test
    [previous_password_1] => 
    [previous_password_2] => 
    [password_update_at] => 
    [user_role] => test
    [is_deleted] => 
    [register_at] => 2024-07-05 15:38:44
    [register_user] => 1
    [update_at] => 2024-07-05 15:39:19
    [update_user] => 1
)

Array
(
    [user_id] => 1
    [employee_no] => 00001
    [last_name] => 太郎
    [last_name_kana] => ﾀﾛｳ
    [last_name_alphabetical] => tarou
    [first_name] => 検証
    [first_name_kana] => ｹﾝｼｮｳ
    [first_name_alphabetical] => kensyou
    [birthday] => 2024-07-01 00:00:00
    [password] => test
    [previous_password_1] => 
    [previous_password_2] => 
    [password_update_at] => 
    [user_role] => test
    [is_deleted] => 
    [register_at] => 2024-07-05 15:38:44
    [register_user] => 1
    [update_at] => 2024-07-05 15:39:19
    [update_user] => 1
)

